0 info it worked if it ends with ok
1 verbose cli [ 'C:\\Program Files (x86)\\nodejs\\node.exe',
1 verbose cli   'C:\\Program Files (x86)\\nodejs\\node_modules\\npm\\bin\\npm-cli.js',
1 verbose cli   'install' ]
2 info using npm@2.14.12
3 info using node@v4.3.1
4 verbose readDependencies loading dependencies from C:\Users\lukasz\NodeRESTwithMongoDB\node-js-getting-started\package.json
5 verbose install where, deps [ 'C:\\Users\\lukasz\\NodeRESTwithMongoDB\\node-js-getting-started',
5 verbose install   [ 'fs',
5 verbose install     'pg',
5 verbose install     'qs',
5 verbose install     'sha256',
5 verbose install     'node-localstorage',
5 verbose install     'ejs',
5 verbose install     'cool-ascii-faces',
5 verbose install     'bcrypt',
5 verbose install     'body-parser',
5 verbose install     'express',
5 verbose install     'jwt-simple',
5 verbose install     'mongoose',
5 verbose install     'passport',
5 verbose install     'passport-jwt',
5 verbose install     'morgan',
5 verbose install     'geocoder',
5 verbose install     'moment',
5 verbose install     'request',
5 verbose install     'method-override',
5 verbose install     'express-session',
5 verbose install     'cookie-parser',
5 verbose install     'mongodb',
5 verbose install     'jade' ] ]
6 verbose install where, peers [ 'C:\\Users\\lukasz\\NodeRESTwithMongoDB\\node-js-getting-started',
6 verbose install   [] ]
7 verbose installManyTop reading for lifecycle C:\Users\lukasz\NodeRESTwithMongoDB\node-js-getting-started\package.json
8 info preinstall node-js-getting-started@0.2.5
9 verbose installManyTop reading scoped package data from C:\Users\lukasz\NodeRESTwithMongoDB\node-js-getting-started\node_modules\body-parser\package.json
10 verbose installManyTop reading scoped package data from C:\Users\lukasz\NodeRESTwithMongoDB\node-js-getting-started\node_modules\cookie-parser\package.json
11 verbose installManyTop reading scoped package data from C:\Users\lukasz\NodeRESTwithMongoDB\node-js-getting-started\node_modules\cool-ascii-faces\package.json
12 verbose installManyTop reading scoped package data from C:\Users\lukasz\NodeRESTwithMongoDB\node-js-getting-started\node_modules\ejs\package.json
13 verbose installManyTop reading scoped package data from C:\Users\lukasz\NodeRESTwithMongoDB\node-js-getting-started\node_modules\express\package.json
14 verbose installManyTop reading scoped package data from C:\Users\lukasz\NodeRESTwithMongoDB\node-js-getting-started\node_modules\express-session\package.json
15 verbose installManyTop reading scoped package data from C:\Users\lukasz\NodeRESTwithMongoDB\node-js-getting-started\node_modules\fs\package.json
16 verbose installManyTop reading scoped package data from C:\Users\lukasz\NodeRESTwithMongoDB\node-js-getting-started\node_modules\geocoder\package.json
17 verbose installManyTop reading scoped package data from C:\Users\lukasz\NodeRESTwithMongoDB\node-js-getting-started\node_modules\jade\package.json
18 verbose installManyTop reading scoped package data from C:\Users\lukasz\NodeRESTwithMongoDB\node-js-getting-started\node_modules\jwt-simple\package.json
19 verbose installManyTop reading scoped package data from C:\Users\lukasz\NodeRESTwithMongoDB\node-js-getting-started\node_modules\method-override\package.json
20 verbose installManyTop reading scoped package data from C:\Users\lukasz\NodeRESTwithMongoDB\node-js-getting-started\node_modules\moment\package.json
21 verbose installManyTop reading scoped package data from C:\Users\lukasz\NodeRESTwithMongoDB\node-js-getting-started\node_modules\mongodb\package.json
22 verbose installManyTop reading scoped package data from C:\Users\lukasz\NodeRESTwithMongoDB\node-js-getting-started\node_modules\mongoose\package.json
23 verbose installManyTop reading scoped package data from C:\Users\lukasz\NodeRESTwithMongoDB\node-js-getting-started\node_modules\morgan\package.json
24 verbose installManyTop reading scoped package data from C:\Users\lukasz\NodeRESTwithMongoDB\node-js-getting-started\node_modules\node-localstorage\package.json
25 verbose installManyTop reading scoped package data from C:\Users\lukasz\NodeRESTwithMongoDB\node-js-getting-started\node_modules\passport\package.json
26 verbose installManyTop reading scoped package data from C:\Users\lukasz\NodeRESTwithMongoDB\node-js-getting-started\node_modules\passport-jwt\package.json
27 verbose installManyTop reading scoped package data from C:\Users\lukasz\NodeRESTwithMongoDB\node-js-getting-started\node_modules\pg\package.json
28 verbose installManyTop reading scoped package data from C:\Users\lukasz\NodeRESTwithMongoDB\node-js-getting-started\node_modules\qs\package.json
29 verbose installManyTop reading scoped package data from C:\Users\lukasz\NodeRESTwithMongoDB\node-js-getting-started\node_modules\request\package.json
30 verbose installManyTop reading scoped package data from C:\Users\lukasz\NodeRESTwithMongoDB\node-js-getting-started\node_modules\sha256\package.json
31 info package.json fs@0.0.2 fs is also the name of a node core module.
32 info package.json fs@0.0.2 No description
33 info package.json fs@0.0.2 No repository field.
34 info package.json fs@0.0.2 No README data
35 info package.json jade@0.20.3 No README data
36 info package.json jade@0.20.3 No license field.
37 info package.json passport@0.3.2 No README data
38 info package.json sha256@0.2.0 No license field.
39 info package.json geocoder@0.2.2 license should be a valid SPDX license expression
40 info package.json mongodb@1.1.11 No license field.
41 info package.json node-localstorage@1.3.0 No license field.
42 info package.json cool-ascii-faces@1.3.3 license should be a valid SPDX license expression
43 verbose readDependencies loading dependencies from C:\Users\lukasz\NodeRESTwithMongoDB\node-js-getting-started\package.json
44 verbose targetResolver reading package data from C:\Users\lukasz\NodeRESTwithMongoDB\node-js-getting-started\node_modules\body-parser\package.json
45 verbose targetResolver reading package data from C:\Users\lukasz\NodeRESTwithMongoDB\node-js-getting-started\node_modules\cookie-parser\package.json
46 verbose targetResolver reading package data from C:\Users\lukasz\NodeRESTwithMongoDB\node-js-getting-started\node_modules\cool-ascii-faces\package.json
47 verbose targetResolver reading package data from C:\Users\lukasz\NodeRESTwithMongoDB\node-js-getting-started\node_modules\ejs\package.json
48 verbose targetResolver reading package data from C:\Users\lukasz\NodeRESTwithMongoDB\node-js-getting-started\node_modules\express\package.json
49 verbose targetResolver reading package data from C:\Users\lukasz\NodeRESTwithMongoDB\node-js-getting-started\node_modules\express-session\package.json
50 verbose targetResolver reading package data from C:\Users\lukasz\NodeRESTwithMongoDB\node-js-getting-started\node_modules\fs\package.json
51 verbose targetResolver reading package data from C:\Users\lukasz\NodeRESTwithMongoDB\node-js-getting-started\node_modules\geocoder\package.json
52 verbose targetResolver reading package data from C:\Users\lukasz\NodeRESTwithMongoDB\node-js-getting-started\node_modules\jade\package.json
53 verbose targetResolver reading package data from C:\Users\lukasz\NodeRESTwithMongoDB\node-js-getting-started\node_modules\jwt-simple\package.json
54 verbose targetResolver reading package data from C:\Users\lukasz\NodeRESTwithMongoDB\node-js-getting-started\node_modules\method-override\package.json
55 verbose targetResolver reading package data from C:\Users\lukasz\NodeRESTwithMongoDB\node-js-getting-started\node_modules\moment\package.json
56 verbose targetResolver reading package data from C:\Users\lukasz\NodeRESTwithMongoDB\node-js-getting-started\node_modules\mongodb\package.json
57 verbose targetResolver reading package data from C:\Users\lukasz\NodeRESTwithMongoDB\node-js-getting-started\node_modules\mongoose\package.json
58 verbose targetResolver reading package data from C:\Users\lukasz\NodeRESTwithMongoDB\node-js-getting-started\node_modules\morgan\package.json
59 verbose targetResolver reading package data from C:\Users\lukasz\NodeRESTwithMongoDB\node-js-getting-started\node_modules\node-localstorage\package.json
60 verbose targetResolver reading package data from C:\Users\lukasz\NodeRESTwithMongoDB\node-js-getting-started\node_modules\passport\package.json
61 verbose targetResolver reading package data from C:\Users\lukasz\NodeRESTwithMongoDB\node-js-getting-started\node_modules\passport-jwt\package.json
62 verbose targetResolver reading package data from C:\Users\lukasz\NodeRESTwithMongoDB\node-js-getting-started\node_modules\pg\package.json
63 verbose targetResolver reading package data from C:\Users\lukasz\NodeRESTwithMongoDB\node-js-getting-started\node_modules\qs\package.json
64 verbose targetResolver reading package data from C:\Users\lukasz\NodeRESTwithMongoDB\node-js-getting-started\node_modules\request\package.json
65 verbose targetResolver reading package data from C:\Users\lukasz\NodeRESTwithMongoDB\node-js-getting-started\node_modules\sha256\package.json
66 verbose targetResolver reading package data from C:\Users\lukasz\NodeRESTwithMongoDB\node-js-getting-started\node_modules\.bin\cool-face\package.json
67 verbose targetResolver reading package data from C:\Users\lukasz\NodeRESTwithMongoDB\node-js-getting-started\node_modules\.bin\cool-face.cmd\package.json
68 verbose targetResolver reading package data from C:\Users\lukasz\NodeRESTwithMongoDB\node-js-getting-started\node_modules\.bin\jade\package.json
69 verbose targetResolver reading package data from C:\Users\lukasz\NodeRESTwithMongoDB\node-js-getting-started\node_modules\.bin\jade.cmd\package.json
70 verbose already installed skipping geocoder@^0.2.2 C:\Users\lukasz\NodeRESTwithMongoDB\node-js-getting-started
71 verbose already installed skipping moment@^2.9.0 C:\Users\lukasz\NodeRESTwithMongoDB\node-js-getting-started
72 verbose already installed skipping request@^2.51.0 C:\Users\lukasz\NodeRESTwithMongoDB\node-js-getting-started
73 verbose already installed skipping method-override@^2.3.1 C:\Users\lukasz\NodeRESTwithMongoDB\node-js-getting-started
74 verbose already installed skipping express-session@^1.7.6 C:\Users\lukasz\NodeRESTwithMongoDB\node-js-getting-started
75 verbose already installed skipping cookie-parser@* C:\Users\lukasz\NodeRESTwithMongoDB\node-js-getting-started
76 verbose already installed skipping mongodb@1.1.11 C:\Users\lukasz\NodeRESTwithMongoDB\node-js-getting-started
77 verbose already installed skipping jade@0.20.3 C:\Users\lukasz\NodeRESTwithMongoDB\node-js-getting-started
78 verbose already installed skipping fs@* C:\Users\lukasz\NodeRESTwithMongoDB\node-js-getting-started
79 verbose already installed skipping pg@4.x C:\Users\lukasz\NodeRESTwithMongoDB\node-js-getting-started
80 verbose already installed skipping qs@* C:\Users\lukasz\NodeRESTwithMongoDB\node-js-getting-started
81 verbose already installed skipping sha256@^0.2.0 C:\Users\lukasz\NodeRESTwithMongoDB\node-js-getting-started
82 verbose already installed skipping node-localstorage@* C:\Users\lukasz\NodeRESTwithMongoDB\node-js-getting-started
83 verbose already installed skipping ejs@2.3.3 C:\Users\lukasz\NodeRESTwithMongoDB\node-js-getting-started
84 verbose already installed skipping cool-ascii-faces@1.3.3 C:\Users\lukasz\NodeRESTwithMongoDB\node-js-getting-started
85 silly cache add args [ 'bcrypt@^0.8.5', null ]
86 verbose cache add spec bcrypt@^0.8.5
87 silly cache add parsed spec Result {
87 silly cache add   raw: 'bcrypt@^0.8.5',
87 silly cache add   scope: null,
87 silly cache add   name: 'bcrypt',
87 silly cache add   rawSpec: '^0.8.5',
87 silly cache add   spec: '>=0.8.5 <0.9.0',
87 silly cache add   type: 'range' }
88 silly addNamed bcrypt@>=0.8.5 <0.9.0
89 verbose addNamed ">=0.8.5 <0.9.0" is a valid semver range for bcrypt
90 silly addNameRange { name: 'bcrypt', range: '>=0.8.5 <0.9.0', hasData: false }
91 silly mapToRegistry name bcrypt
92 silly mapToRegistry using default registry
93 silly mapToRegistry registry https://registry.npmjs.org/
94 silly mapToRegistry uri https://registry.npmjs.org/bcrypt
95 verbose addNameRange registry:https://registry.npmjs.org/bcrypt not in flight; fetching
96 verbose already installed skipping body-parser@^1.14.1 C:\Users\lukasz\NodeRESTwithMongoDB\node-js-getting-started
97 verbose already installed skipping express@4.13.3 C:\Users\lukasz\NodeRESTwithMongoDB\node-js-getting-started
98 verbose already installed skipping jwt-simple@^0.3.1 C:\Users\lukasz\NodeRESTwithMongoDB\node-js-getting-started
99 verbose already installed skipping mongoose@* C:\Users\lukasz\NodeRESTwithMongoDB\node-js-getting-started
100 verbose already installed skipping passport@^0.3.0 C:\Users\lukasz\NodeRESTwithMongoDB\node-js-getting-started
101 verbose already installed skipping passport-jwt@^1.2.1 C:\Users\lukasz\NodeRESTwithMongoDB\node-js-getting-started
102 verbose already installed skipping morgan@~1.5.0 C:\Users\lukasz\NodeRESTwithMongoDB\node-js-getting-started
103 verbose request uri https://registry.npmjs.org/bcrypt
104 verbose request no auth needed
105 info attempt registry request try #1 at 20:03:56
106 verbose request id d389aca0cbb3784c
107 verbose etag "2W7CTWO1ETKY4R5XARYMM9SFN"
108 http request GET https://registry.npmjs.org/bcrypt
109 http 304 https://registry.npmjs.org/bcrypt
110 verbose headers { date: 'Fri, 14 Oct 2016 18:04:07 GMT',
110 verbose headers   via: '1.1 varnish',
110 verbose headers   'cache-control': 'max-age=300',
110 verbose headers   etag: '"2W7CTWO1ETKY4R5XARYMM9SFN"',
110 verbose headers   age: '269',
110 verbose headers   connection: 'keep-alive',
110 verbose headers   'x-served-by': 'cache-fra1228-FRA',
110 verbose headers   'x-cache': 'HIT',
110 verbose headers   'x-cache-hits': '1',
110 verbose headers   'x-timer': 'S1476468247.217527,VS0,VE0',
110 verbose headers   vary: 'Accept-Encoding' }
111 silly get cb [ 304,
111 silly get   { date: 'Fri, 14 Oct 2016 18:04:07 GMT',
111 silly get     via: '1.1 varnish',
111 silly get     'cache-control': 'max-age=300',
111 silly get     etag: '"2W7CTWO1ETKY4R5XARYMM9SFN"',
111 silly get     age: '269',
111 silly get     connection: 'keep-alive',
111 silly get     'x-served-by': 'cache-fra1228-FRA',
111 silly get     'x-cache': 'HIT',
111 silly get     'x-cache-hits': '1',
111 silly get     'x-timer': 'S1476468247.217527,VS0,VE0',
111 silly get     vary: 'Accept-Encoding' } ]
112 verbose etag https://registry.npmjs.org/bcrypt from cache
113 verbose get saving bcrypt to C:\Users\lukasz\AppData\Roaming\npm-cache\registry.npmjs.org\bcrypt\.cache.json
114 silly addNameRange number 2 { name: 'bcrypt', range: '>=0.8.5 <0.9.0', hasData: true }
115 silly addNameRange versions [ 'bcrypt',
115 silly addNameRange   [ '0.1.2',
115 silly addNameRange     '0.2.0',
115 silly addNameRange     '0.2.1',
115 silly addNameRange     '0.1.3',
115 silly addNameRange     '0.2.2',
115 silly addNameRange     '0.2.3',
115 silly addNameRange     '0.2.4',
115 silly addNameRange     '0.3.0',
115 silly addNameRange     '0.3.1',
115 silly addNameRange     '0.3.2',
115 silly addNameRange     '0.4.0',
115 silly addNameRange     '0.4.1',
115 silly addNameRange     '0.5.0',
115 silly addNameRange     '0.6.0',
115 silly addNameRange     '0.7.0',
115 silly addNameRange     '0.7.1',
115 silly addNameRange     '0.7.2',
115 silly addNameRange     '0.7.3',
115 silly addNameRange     '0.7.4',
115 silly addNameRange     '0.7.5',
115 silly addNameRange     '0.7.6',
115 silly addNameRange     '0.7.7',
115 silly addNameRange     '0.7.8',
115 silly addNameRange     '0.8.0',
115 silly addNameRange     '0.8.1',
115 silly addNameRange     '0.8.2',
115 silly addNameRange     '0.8.3',
115 silly addNameRange     '0.8.4',
115 silly addNameRange     '0.8.5',
115 silly addNameRange     '0.8.6',
115 silly addNameRange     '0.8.7' ] ]
116 silly addNamed bcrypt@0.8.7
117 verbose addNamed "0.8.7" is a plain semver version for bcrypt
118 silly cache afterAdd bcrypt@0.8.7
119 verbose afterAdd C:\Users\lukasz\AppData\Roaming\npm-cache\bcrypt\0.8.7\package\package.json not in flight; writing
120 verbose afterAdd C:\Users\lukasz\AppData\Roaming\npm-cache\bcrypt\0.8.7\package\package.json written
121 silly install resolved [ { name: 'bcrypt',
121 silly install resolved     description: 'A bcrypt library for NodeJS.',
121 silly install resolved     keywords:
121 silly install resolved      [ 'bcrypt',
121 silly install resolved        'password',
121 silly install resolved        'auth',
121 silly install resolved        'authentication',
121 silly install resolved        'encryption',
121 silly install resolved        'crypt',
121 silly install resolved        'crypto' ],
121 silly install resolved     main: './bcrypt',
121 silly install resolved     version: '0.8.7',
121 silly install resolved     author: { name: 'Nick Campbell', url: 'https://github.com/ncb000gt' },
121 silly install resolved     engines: { node: '>= 0.6.0' },
121 silly install resolved     repository:
121 silly install resolved      { type: 'git',
121 silly install resolved        url: 'git+https://github.com/ncb000gt/node.bcrypt.js.git' },
121 silly install resolved     license: 'MIT',
121 silly install resolved     bugs: { url: 'https://github.com/ncb000gt/node.bcrypt.js/issues' },
121 silly install resolved     scripts:
121 silly install resolved      { test: 'node-gyp configure build && nodeunit test',
121 silly install resolved        install: 'node-gyp rebuild' },
121 silly install resolved     dependencies: { bindings: '1.2.1', nan: '2.3.5' },
121 silly install resolved     devDependencies: { nodeunit: '~0.9.1' },
121 silly install resolved     contributors:
121 silly install resolved      [ [Object],
121 silly install resolved        [Object],
121 silly install resolved        [Object],
121 silly install resolved        [Object],
121 silly install resolved        [Object],
121 silly install resolved        [Object],
121 silly install resolved        [Object],
121 silly install resolved        [Object],
121 silly install resolved        [Object],
121 silly install resolved        [Object],
121 silly install resolved        [Object],
121 silly install resolved        [Object],
121 silly install resolved        [Object],
121 silly install resolved        [Object] ],
121 silly install resolved     gypfile: true,
121 silly install resolved     gitHead: '0dc9b78dab6980d129b77d1df723aa44daa7deb4',
121 silly install resolved     homepage: 'https://github.com/ncb000gt/node.bcrypt.js#readme',
121 silly install resolved     _id: 'bcrypt@0.8.7',
121 silly install resolved     _shasum: 'bc3875a9afd0a7b2cd231a6a7f218a5ce156b093',
121 silly install resolved     _from: 'bcrypt@>=0.8.5 <0.9.0',
121 silly install resolved     _npmVersion: '3.8.9',
121 silly install resolved     _nodeVersion: '6.2.0',
121 silly install resolved     _npmUser: { name: 'defunctzombie', email: 'shtylman@gmail.com' },
121 silly install resolved     dist:
121 silly install resolved      { shasum: 'bc3875a9afd0a7b2cd231a6a7f218a5ce156b093',
121 silly install resolved        tarball: 'https://registry.npmjs.org/bcrypt/-/bcrypt-0.8.7.tgz' },
121 silly install resolved     maintainers: [ [Object], [Object], [Object], [Object] ],
121 silly install resolved     _npmOperationalInternal:
121 silly install resolved      { host: 'packages-12-west.internal.npmjs.com',
121 silly install resolved        tmp: 'tmp/bcrypt-0.8.7.tgz_1465526713712_0.05265477881766856' },
121 silly install resolved     directories: {},
121 silly install resolved     _resolved: 'https://registry.npmjs.org/bcrypt/-/bcrypt-0.8.7.tgz',
121 silly install resolved     readme: 'ERROR: No README data found!' } ]
122 info install bcrypt@0.8.7 into C:\Users\lukasz\NodeRESTwithMongoDB\node-js-getting-started
123 info installOne bcrypt@0.8.7
124 verbose installOne of bcrypt to C:\Users\lukasz\NodeRESTwithMongoDB\node-js-getting-started not in flight; installing
125 verbose lock using C:\Users\lukasz\AppData\Roaming\npm-cache\_locks\bcrypt-66216a1188f16da3.lock for C:\Users\lukasz\NodeRESTwithMongoDB\node-js-getting-started\node_modules\bcrypt
126 silly install write writing bcrypt 0.8.7 to C:\Users\lukasz\NodeRESTwithMongoDB\node-js-getting-started\node_modules\bcrypt
127 verbose unbuild node_modules\bcrypt
128 silly gentlyRm C:\Users\lukasz\NodeRESTwithMongoDB\node-js-getting-started\node_modules\bcrypt is being purged from base C:\Users\lukasz\NodeRESTwithMongoDB\node-js-getting-started
129 verbose gentlyRm don't care about contents; nuking C:\Users\lukasz\NodeRESTwithMongoDB\node-js-getting-started\node_modules\bcrypt
130 verbose tar unpack C:\Users\lukasz\AppData\Roaming\npm-cache\bcrypt\0.8.7\package.tgz
131 verbose tar unpacking to C:\Users\lukasz\NodeRESTwithMongoDB\node-js-getting-started\node_modules\bcrypt
132 silly gentlyRm C:\Users\lukasz\NodeRESTwithMongoDB\node-js-getting-started\node_modules\bcrypt is being purged
133 verbose gentlyRm don't care about contents; nuking C:\Users\lukasz\NodeRESTwithMongoDB\node-js-getting-started\node_modules\bcrypt
134 silly gunzTarPerm modes [ '777', '666' ]
135 silly gunzTarPerm extractEntry package.json
136 silly gunzTarPerm modified mode [ 'package.json', 420, 438 ]
137 silly gunzTarPerm extractEntry .npmignore
138 silly gunzTarPerm modified mode [ '.npmignore', 420, 438 ]
139 silly gunzTarPerm extractEntry README.md
140 silly gunzTarPerm modified mode [ 'README.md', 420, 438 ]
141 silly gunzTarPerm extractEntry LICENSE
142 silly gunzTarPerm modified mode [ 'LICENSE', 420, 438 ]
143 silly gunzTarPerm extractEntry bcrypt.js
144 silly gunzTarPerm modified mode [ 'bcrypt.js', 420, 438 ]
145 silly gunzTarPerm extractEntry Makefile
146 silly gunzTarPerm modified mode [ 'Makefile', 420, 438 ]
147 silly gunzTarPerm extractEntry .travis.yml
148 silly gunzTarPerm modified mode [ '.travis.yml', 420, 438 ]
149 silly gunzTarPerm extractEntry CHANGELOG.md
150 silly gunzTarPerm modified mode [ 'CHANGELOG.md', 420, 438 ]
151 silly gunzTarPerm extractEntry binding.gyp
152 silly gunzTarPerm modified mode [ 'binding.gyp', 420, 438 ]
153 silly gunzTarPerm extractEntry examples/async_compare.js
154 silly gunzTarPerm modified mode [ 'examples/async_compare.js', 420, 438 ]
155 silly gunzTarPerm extractEntry examples/forever_gen_salt.js
156 silly gunzTarPerm modified mode [ 'examples/forever_gen_salt.js', 420, 438 ]
157 silly gunzTarPerm extractEntry test/async.js
158 silly gunzTarPerm modified mode [ 'test/async.js', 420, 438 ]
159 silly gunzTarPerm extractEntry test/repetitions.js
160 silly gunzTarPerm modified mode [ 'test/repetitions.js', 420, 438 ]
161 silly gunzTarPerm extractEntry test/sync.js
162 silly gunzTarPerm modified mode [ 'test/sync.js', 420, 438 ]
163 silly gunzTarPerm extractEntry ISSUE_TEMPLATE.md
164 silly gunzTarPerm modified mode [ 'ISSUE_TEMPLATE.md', 420, 438 ]
165 silly gunzTarPerm extractEntry src/bcrypt.cc
166 silly gunzTarPerm modified mode [ 'src/bcrypt.cc', 420, 438 ]
167 silly gunzTarPerm extractEntry src/bcrypt_node.cc
168 silly gunzTarPerm modified mode [ 'src/bcrypt_node.cc', 420, 438 ]
169 silly gunzTarPerm extractEntry src/blowfish.cc
170 silly gunzTarPerm modified mode [ 'src/blowfish.cc', 420, 438 ]
171 silly gunzTarPerm extractEntry src/node_blf.h
172 silly gunzTarPerm modified mode [ 'src/node_blf.h', 420, 438 ]
173 silly gunzTarPerm extractEntry werker.yml
174 silly gunzTarPerm modified mode [ 'werker.yml', 420, 438 ]
175 verbose write writing to C:\Users\lukasz\NodeRESTwithMongoDB\node-js-getting-started\node_modules\bcrypt\package.json
176 info preinstall bcrypt@0.8.7
177 verbose readDependencies loading dependencies from C:\Users\lukasz\NodeRESTwithMongoDB\node-js-getting-started\node_modules\bcrypt\package.json
178 silly prepareForInstallMany adding bindings@1.2.1 from bcrypt dependencies
179 silly prepareForInstallMany adding nan@2.3.5 from bcrypt dependencies
180 verbose readDependencies loading dependencies from C:\Users\lukasz\NodeRESTwithMongoDB\node-js-getting-started\node_modules\bcrypt\package.json
181 silly cache add args [ 'bindings@1.2.1', null ]
182 verbose cache add spec bindings@1.2.1
183 silly cache add args [ 'nan@2.3.5', null ]
184 verbose cache add spec nan@2.3.5
185 silly cache add parsed spec Result {
185 silly cache add   raw: 'bindings@1.2.1',
185 silly cache add   scope: null,
185 silly cache add   name: 'bindings',
185 silly cache add   rawSpec: '1.2.1',
185 silly cache add   spec: '1.2.1',
185 silly cache add   type: 'version' }
186 silly addNamed bindings@1.2.1
187 verbose addNamed "1.2.1" is a plain semver version for bindings
188 silly mapToRegistry name bindings
189 silly mapToRegistry using default registry
190 silly mapToRegistry registry https://registry.npmjs.org/
191 silly mapToRegistry uri https://registry.npmjs.org/bindings
192 verbose addNameVersion registry:https://registry.npmjs.org/bindings not in flight; fetching
193 silly cache add parsed spec Result {
193 silly cache add   raw: 'nan@2.3.5',
193 silly cache add   scope: null,
193 silly cache add   name: 'nan',
193 silly cache add   rawSpec: '2.3.5',
193 silly cache add   spec: '2.3.5',
193 silly cache add   type: 'version' }
194 silly addNamed nan@2.3.5
195 verbose addNamed "2.3.5" is a plain semver version for nan
196 silly mapToRegistry name nan
197 silly mapToRegistry using default registry
198 silly mapToRegistry registry https://registry.npmjs.org/
199 silly mapToRegistry uri https://registry.npmjs.org/nan
200 verbose addNameVersion registry:https://registry.npmjs.org/nan not in flight; fetching
201 verbose request uri https://registry.npmjs.org/bindings
202 verbose request no auth needed
203 info attempt registry request try #1 at 20:03:57
204 verbose etag "C1AW6UVQGY4VZQGFC1WTIGMDV"
205 http request GET https://registry.npmjs.org/bindings
206 verbose request uri https://registry.npmjs.org/nan
207 verbose request no auth needed
208 info attempt registry request try #1 at 20:03:57
209 verbose etag "1YJEPM5V4XH0MZT0HV3B8R9BB"
210 http request GET https://registry.npmjs.org/nan
211 http 304 https://registry.npmjs.org/bindings
212 verbose headers { date: 'Fri, 14 Oct 2016 18:04:07 GMT',
212 verbose headers   via: '1.1 varnish',
212 verbose headers   'cache-control': 'max-age=300',
212 verbose headers   etag: '"C1AW6UVQGY4VZQGFC1WTIGMDV"',
212 verbose headers   age: '180',
212 verbose headers   connection: 'keep-alive',
212 verbose headers   'x-served-by': 'cache-fra1221-FRA',
212 verbose headers   'x-cache': 'HIT',
212 verbose headers   'x-cache-hits': '1',
212 verbose headers   'x-timer': 'S1476468247.530111,VS0,VE0',
212 verbose headers   vary: 'Accept-Encoding' }
213 silly get cb [ 304,
213 silly get   { date: 'Fri, 14 Oct 2016 18:04:07 GMT',
213 silly get     via: '1.1 varnish',
213 silly get     'cache-control': 'max-age=300',
213 silly get     etag: '"C1AW6UVQGY4VZQGFC1WTIGMDV"',
213 silly get     age: '180',
213 silly get     connection: 'keep-alive',
213 silly get     'x-served-by': 'cache-fra1221-FRA',
213 silly get     'x-cache': 'HIT',
213 silly get     'x-cache-hits': '1',
213 silly get     'x-timer': 'S1476468247.530111,VS0,VE0',
213 silly get     vary: 'Accept-Encoding' } ]
214 verbose etag https://registry.npmjs.org/bindings from cache
215 verbose get saving bindings to C:\Users\lukasz\AppData\Roaming\npm-cache\registry.npmjs.org\bindings\.cache.json
216 silly cache afterAdd bindings@1.2.1
217 verbose afterAdd C:\Users\lukasz\AppData\Roaming\npm-cache\bindings\1.2.1\package\package.json not in flight; writing
218 verbose afterAdd C:\Users\lukasz\AppData\Roaming\npm-cache\bindings\1.2.1\package\package.json written
219 http 304 https://registry.npmjs.org/nan
220 verbose headers { date: 'Fri, 14 Oct 2016 18:04:07 GMT',
220 verbose headers   via: '1.1 varnish',
220 verbose headers   'cache-control': 'max-age=300',
220 verbose headers   etag: '"1YJEPM5V4XH0MZT0HV3B8R9BB"',
220 verbose headers   age: '44',
220 verbose headers   connection: 'keep-alive',
220 verbose headers   'x-served-by': 'cache-fra1230-FRA',
220 verbose headers   'x-cache': 'HIT',
220 verbose headers   'x-cache-hits': '2',
220 verbose headers   'x-timer': 'S1476468247.549043,VS0,VE0',
220 verbose headers   vary: 'Accept-Encoding' }
221 silly get cb [ 304,
221 silly get   { date: 'Fri, 14 Oct 2016 18:04:07 GMT',
221 silly get     via: '1.1 varnish',
221 silly get     'cache-control': 'max-age=300',
221 silly get     etag: '"1YJEPM5V4XH0MZT0HV3B8R9BB"',
221 silly get     age: '44',
221 silly get     connection: 'keep-alive',
221 silly get     'x-served-by': 'cache-fra1230-FRA',
221 silly get     'x-cache': 'HIT',
221 silly get     'x-cache-hits': '2',
221 silly get     'x-timer': 'S1476468247.549043,VS0,VE0',
221 silly get     vary: 'Accept-Encoding' } ]
222 verbose etag https://registry.npmjs.org/nan from cache
223 verbose get saving nan to C:\Users\lukasz\AppData\Roaming\npm-cache\registry.npmjs.org\nan\.cache.json
224 silly cache afterAdd nan@2.3.5
225 verbose afterAdd C:\Users\lukasz\AppData\Roaming\npm-cache\nan\2.3.5\package\package.json not in flight; writing
226 verbose afterAdd C:\Users\lukasz\AppData\Roaming\npm-cache\nan\2.3.5\package\package.json written
227 silly install resolved [ { name: 'bindings',
227 silly install resolved     description: 'Helper module for loading your native module\'s .node file',
227 silly install resolved     keywords: [ 'native', 'addon', 'bindings', 'gyp', 'waf', 'c', 'c++' ],
227 silly install resolved     version: '1.2.1',
227 silly install resolved     author:
227 silly install resolved      { name: 'Nathan Rajlich',
227 silly install resolved        email: 'nathan@tootallnate.net',
227 silly install resolved        url: 'http://tootallnate.net' },
227 silly install resolved     repository:
227 silly install resolved      { type: 'git',
227 silly install resolved        url: 'git://github.com/TooTallNate/node-bindings.git' },
227 silly install resolved     main: './bindings.js',
227 silly install resolved     bugs: { url: 'https://github.com/TooTallNate/node-bindings/issues' },
227 silly install resolved     homepage: 'https://github.com/TooTallNate/node-bindings',
227 silly install resolved     license: 'MIT',
227 silly install resolved     gitHead: 'e404152ee27f8478ccbc7122ee051246e8e5ec02',
227 silly install resolved     _id: 'bindings@1.2.1',
227 silly install resolved     scripts: {},
227 silly install resolved     _shasum: '14ad6113812d2d37d72e67b4cacb4bb726505f11',
227 silly install resolved     _from: 'bindings@1.2.1',
227 silly install resolved     _npmVersion: '1.4.14',
227 silly install resolved     _npmUser: { name: 'tootallnate', email: 'nathan@tootallnate.net' },
227 silly install resolved     maintainers: [ [Object], [Object] ],
227 silly install resolved     dist:
227 silly install resolved      { shasum: '14ad6113812d2d37d72e67b4cacb4bb726505f11',
227 silly install resolved        tarball: 'https://registry.npmjs.org/bindings/-/bindings-1.2.1.tgz' },
227 silly install resolved     directories: {},
227 silly install resolved     _resolved: 'https://registry.npmjs.org/bindings/-/bindings-1.2.1.tgz',
227 silly install resolved     readme: 'ERROR: No README data found!' },
227 silly install resolved   { name: 'nan',
227 silly install resolved     version: '2.3.5',
227 silly install resolved     description: 'Native Abstractions for Node.js: C++ header for Node 0.8 -> 6 compatibility',
227 silly install resolved     main: 'include_dirs.js',
227 silly install resolved     repository: { type: 'git', url: 'git://github.com/nodejs/nan.git' },
227 silly install resolved     scripts:
227 silly install resolved      { test: 'tap --gc --stderr test/js/*-test.js',
227 silly install resolved        'rebuild-tests': 'node-gyp rebuild --msvs_version=2013 --directory test',
227 silly install resolved        docs: 'doc/.build.sh' },
227 silly install resolved     contributors:
227 silly install resolved      [ [Object],
227 silly install resolved        [Object],
227 silly install resolved        [Object],
227 silly install resolved        [Object],
227 silly install resolved        [Object],
227 silly install resolved        [Object],
227 silly install resolved        [Object] ],
227 silly install resolved     devDependencies:
227 silly install resolved      { bindings: '~1.2.1',
227 silly install resolved        commander: '^2.8.1',
227 silly install resolved        glob: '^5.0.14',
227 silly install resolved        'node-gyp': '~3.0.1',
227 silly install resolved        tap: '~0.7.1',
227 silly install resolved        xtend: '~4.0.0' },
227 silly install resolved     license: 'MIT',
227 silly install resolved     bugs: { url: 'https://github.com/nodejs/nan/issues' },
227 silly install resolved     homepage: 'https://github.com/nodejs/nan#readme',
227 silly install resolved     _id: 'nan@2.3.5',
227 silly install resolved     _shasum: '822a0dc266290ce4cd3a12282ca3e7e364668a08',
227 silly install resolved     _resolved: 'https://registry.npmjs.org/nan/-/nan-2.3.5.tgz',
227 silly install resolved     _from: 'nan@2.3.5',
227 silly install resolved     _npmVersion: '3.3.6',
227 silly install resolved     _nodeVersion: '5.0.0',
227 silly install resolved     _npmUser: { name: 'kkoopa', email: 'bbyholm@abo.fi' },
227 silly install resolved     dist:
227 silly install resolved      { shasum: '822a0dc266290ce4cd3a12282ca3e7e364668a08',
227 silly install resolved        tarball: 'https://registry.npmjs.org/nan/-/nan-2.3.5.tgz' },
227 silly install resolved     maintainers: [ [Object], [Object] ],
227 silly install resolved     _npmOperationalInternal:
227 silly install resolved      { host: 'packages-12-west.internal.npmjs.com',
227 silly install resolved        tmp: 'tmp/nan-2.3.5.tgz_1464707164994_0.4295874561648816' },
227 silly install resolved     directories: {},
227 silly install resolved     readme: 'ERROR: No README data found!' } ]
228 info install bindings@1.2.1 into C:\Users\lukasz\NodeRESTwithMongoDB\node-js-getting-started\node_modules\bcrypt
229 info install nan@2.3.5 into C:\Users\lukasz\NodeRESTwithMongoDB\node-js-getting-started\node_modules\bcrypt
230 info installOne bindings@1.2.1
231 verbose installOne of bindings to C:\Users\lukasz\NodeRESTwithMongoDB\node-js-getting-started\node_modules\bcrypt not in flight; installing
232 info installOne nan@2.3.5
233 verbose installOne of nan to C:\Users\lukasz\NodeRESTwithMongoDB\node-js-getting-started\node_modules\bcrypt not in flight; installing
234 verbose lock using C:\Users\lukasz\AppData\Roaming\npm-cache\_locks\bindings-5c4d1a8546ec6906.lock for C:\Users\lukasz\NodeRESTwithMongoDB\node-js-getting-started\node_modules\bcrypt\node_modules\bindings
235 verbose lock using C:\Users\lukasz\AppData\Roaming\npm-cache\_locks\nan-8356321cacfccd80.lock for C:\Users\lukasz\NodeRESTwithMongoDB\node-js-getting-started\node_modules\bcrypt\node_modules\nan
236 silly install write writing bindings 1.2.1 to C:\Users\lukasz\NodeRESTwithMongoDB\node-js-getting-started\node_modules\bcrypt\node_modules\bindings
237 silly install write writing nan 2.3.5 to C:\Users\lukasz\NodeRESTwithMongoDB\node-js-getting-started\node_modules\bcrypt\node_modules\nan
238 verbose unbuild node_modules\bcrypt\node_modules\nan
239 verbose unbuild node_modules\bcrypt\node_modules\bindings
240 silly gentlyRm C:\Users\lukasz\NodeRESTwithMongoDB\node-js-getting-started\node_modules\bcrypt\node_modules\nan is being purged from base C:\Users\lukasz\NodeRESTwithMongoDB\node-js-getting-started
241 verbose gentlyRm don't care about contents; nuking C:\Users\lukasz\NodeRESTwithMongoDB\node-js-getting-started\node_modules\bcrypt\node_modules\nan
242 silly gentlyRm C:\Users\lukasz\NodeRESTwithMongoDB\node-js-getting-started\node_modules\bcrypt\node_modules\bindings is being purged from base C:\Users\lukasz\NodeRESTwithMongoDB\node-js-getting-started
243 verbose gentlyRm don't care about contents; nuking C:\Users\lukasz\NodeRESTwithMongoDB\node-js-getting-started\node_modules\bcrypt\node_modules\bindings
244 verbose tar unpack C:\Users\lukasz\AppData\Roaming\npm-cache\nan\2.3.5\package.tgz
245 verbose tar unpacking to C:\Users\lukasz\NodeRESTwithMongoDB\node-js-getting-started\node_modules\bcrypt\node_modules\nan
246 silly gentlyRm C:\Users\lukasz\NodeRESTwithMongoDB\node-js-getting-started\node_modules\bcrypt\node_modules\nan is being purged
247 verbose gentlyRm don't care about contents; nuking C:\Users\lukasz\NodeRESTwithMongoDB\node-js-getting-started\node_modules\bcrypt\node_modules\nan
248 verbose tar unpack C:\Users\lukasz\AppData\Roaming\npm-cache\bindings\1.2.1\package.tgz
249 verbose tar unpacking to C:\Users\lukasz\NodeRESTwithMongoDB\node-js-getting-started\node_modules\bcrypt\node_modules\bindings
250 silly gentlyRm C:\Users\lukasz\NodeRESTwithMongoDB\node-js-getting-started\node_modules\bcrypt\node_modules\bindings is being purged
251 verbose gentlyRm don't care about contents; nuking C:\Users\lukasz\NodeRESTwithMongoDB\node-js-getting-started\node_modules\bcrypt\node_modules\bindings
252 silly gunzTarPerm modes [ '777', '666' ]
253 silly gunzTarPerm modes [ '777', '666' ]
254 silly gunzTarPerm extractEntry package.json
255 silly gunzTarPerm modified mode [ 'package.json', 436, 438 ]
256 silly gunzTarPerm extractEntry package.json
257 silly gunzTarPerm modified mode [ 'package.json', 420, 438 ]
258 silly gunzTarPerm extractEntry README.md
259 silly gunzTarPerm modified mode [ 'README.md', 436, 438 ]
260 silly gunzTarPerm extractEntry include_dirs.js
261 silly gunzTarPerm modified mode [ 'include_dirs.js', 436, 438 ]
262 silly gunzTarPerm extractEntry README.md
263 silly gunzTarPerm modified mode [ 'README.md', 420, 438 ]
264 silly gunzTarPerm extractEntry bindings.js
265 silly gunzTarPerm modified mode [ 'bindings.js', 420, 438 ]
266 silly gunzTarPerm extractEntry nan_converters.h
267 silly gunzTarPerm modified mode [ 'nan_converters.h', 436, 438 ]
268 silly gunzTarPerm extractEntry LICENSE.md
269 silly gunzTarPerm modified mode [ 'LICENSE.md', 436, 438 ]
270 silly gunzTarPerm extractEntry doc/node_misc.md
271 silly gunzTarPerm modified mode [ 'doc/node_misc.md', 436, 438 ]
272 silly gunzTarPerm extractEntry doc/asyncworker.md
273 silly gunzTarPerm modified mode [ 'doc/asyncworker.md', 436, 438 ]
274 silly gunzTarPerm extractEntry doc/callback.md
275 silly gunzTarPerm modified mode [ 'doc/callback.md', 436, 438 ]
276 silly gunzTarPerm extractEntry doc/converters.md
277 silly gunzTarPerm modified mode [ 'doc/converters.md', 436, 438 ]
278 silly gunzTarPerm extractEntry doc/errors.md
279 silly gunzTarPerm modified mode [ 'doc/errors.md', 436, 438 ]
280 silly gunzTarPerm extractEntry doc/maybe_types.md
281 silly gunzTarPerm modified mode [ 'doc/maybe_types.md', 436, 438 ]
282 silly gunzTarPerm extractEntry doc/methods.md
283 silly gunzTarPerm modified mode [ 'doc/methods.md', 436, 438 ]
284 silly gunzTarPerm extractEntry doc/new.md
285 silly gunzTarPerm modified mode [ 'doc/new.md', 436, 438 ]
286 verbose write writing to C:\Users\lukasz\NodeRESTwithMongoDB\node-js-getting-started\node_modules\bcrypt\node_modules\bindings\package.json
287 info preinstall bindings@1.2.1
288 silly gunzTarPerm extractEntry doc/buffers.md
289 silly gunzTarPerm modified mode [ 'doc/buffers.md', 436, 438 ]
290 silly gunzTarPerm extractEntry doc/object_wrappers.md
291 silly gunzTarPerm modified mode [ 'doc/object_wrappers.md', 436, 438 ]
292 verbose readDependencies loading dependencies from C:\Users\lukasz\NodeRESTwithMongoDB\node-js-getting-started\node_modules\bcrypt\node_modules\bindings\package.json
293 silly gunzTarPerm extractEntry doc/persistent.md
294 silly gunzTarPerm modified mode [ 'doc/persistent.md', 436, 438 ]
295 silly gunzTarPerm extractEntry doc/scopes.md
296 silly gunzTarPerm modified mode [ 'doc/scopes.md', 436, 438 ]
297 verbose readDependencies loading dependencies from C:\Users\lukasz\NodeRESTwithMongoDB\node-js-getting-started\node_modules\bcrypt\node_modules\bindings\package.json
298 silly gunzTarPerm extractEntry doc/script.md
299 silly gunzTarPerm modified mode [ 'doc/script.md', 436, 438 ]
300 silly install resolved []
301 verbose about to build C:\Users\lukasz\NodeRESTwithMongoDB\node-js-getting-started\node_modules\bcrypt\node_modules\bindings
302 info build C:\Users\lukasz\NodeRESTwithMongoDB\node-js-getting-started\node_modules\bcrypt\node_modules\bindings
303 info linkStuff bindings@1.2.1
304 silly linkStuff bindings@1.2.1 has C:\Users\lukasz\NodeRESTwithMongoDB\node-js-getting-started\node_modules\bcrypt\node_modules as its parent node_modules
305 silly gunzTarPerm extractEntry doc/string_bytes.md
306 silly gunzTarPerm modified mode [ 'doc/string_bytes.md', 436, 438 ]
307 silly gunzTarPerm extractEntry doc/v8_internals.md
308 silly gunzTarPerm modified mode [ 'doc/v8_internals.md', 436, 438 ]
309 verbose linkBins bindings@1.2.1
310 verbose linkMans bindings@1.2.1
311 verbose rebuildBundles bindings@1.2.1
312 info install bindings@1.2.1
313 info postinstall bindings@1.2.1
314 silly gunzTarPerm extractEntry doc/v8_misc.md
315 silly gunzTarPerm modified mode [ 'doc/v8_misc.md', 436, 438 ]
316 silly gunzTarPerm extractEntry nan.h
317 silly gunzTarPerm modified mode [ 'nan.h', 436, 438 ]
318 verbose unlock done using C:\Users\lukasz\AppData\Roaming\npm-cache\_locks\bindings-5c4d1a8546ec6906.lock for C:\Users\lukasz\NodeRESTwithMongoDB\node-js-getting-started\node_modules\bcrypt\node_modules\bindings
319 silly gunzTarPerm extractEntry nan_callbacks.h
320 silly gunzTarPerm modified mode [ 'nan_callbacks.h', 436, 438 ]
321 silly gunzTarPerm extractEntry nan_callbacks_12_inl.h
322 silly gunzTarPerm modified mode [ 'nan_callbacks_12_inl.h', 436, 438 ]
323 silly gunzTarPerm extractEntry nan_callbacks_pre_12_inl.h
324 silly gunzTarPerm modified mode [ 'nan_callbacks_pre_12_inl.h', 436, 438 ]
325 silly gunzTarPerm extractEntry nan_converters_43_inl.h
326 silly gunzTarPerm modified mode [ 'nan_converters_43_inl.h', 436, 438 ]
327 silly gunzTarPerm extractEntry nan_converters_pre_43_inl.h
328 silly gunzTarPerm modified mode [ 'nan_converters_pre_43_inl.h', 436, 438 ]
329 silly gunzTarPerm extractEntry nan_implementation_12_inl.h
330 silly gunzTarPerm modified mode [ 'nan_implementation_12_inl.h', 436, 438 ]
331 silly gunzTarPerm extractEntry nan_implementation_pre_12_inl.h
332 silly gunzTarPerm modified mode [ 'nan_implementation_pre_12_inl.h', 436, 438 ]
333 silly gunzTarPerm extractEntry nan_maybe_43_inl.h
334 silly gunzTarPerm modified mode [ 'nan_maybe_43_inl.h', 436, 438 ]
335 silly gunzTarPerm extractEntry nan_maybe_pre_43_inl.h
336 silly gunzTarPerm modified mode [ 'nan_maybe_pre_43_inl.h', 436, 438 ]
337 silly gunzTarPerm extractEntry nan_new.h
338 silly gunzTarPerm modified mode [ 'nan_new.h', 436, 438 ]
339 silly gunzTarPerm extractEntry nan_object_wrap.h
340 silly gunzTarPerm modified mode [ 'nan_object_wrap.h', 436, 438 ]
341 silly gunzTarPerm extractEntry nan_persistent_12_inl.h
342 silly gunzTarPerm modified mode [ 'nan_persistent_12_inl.h', 436, 438 ]
343 silly gunzTarPerm extractEntry nan_persistent_pre_12_inl.h
344 silly gunzTarPerm modified mode [ 'nan_persistent_pre_12_inl.h', 436, 438 ]
345 silly gunzTarPerm extractEntry nan_string_bytes.h
346 silly gunzTarPerm modified mode [ 'nan_string_bytes.h', 436, 438 ]
347 silly gunzTarPerm extractEntry nan_typedarray_contents.h
348 silly gunzTarPerm modified mode [ 'nan_typedarray_contents.h', 436, 438 ]
349 silly gunzTarPerm extractEntry nan_weak.h
350 silly gunzTarPerm modified mode [ 'nan_weak.h', 436, 438 ]
351 silly gunzTarPerm extractEntry CHANGELOG.md
352 silly gunzTarPerm modified mode [ 'CHANGELOG.md', 436, 438 ]
353 silly gunzTarPerm extractEntry tools/package.json
354 silly gunzTarPerm modified mode [ 'tools/package.json', 436, 438 ]
355 silly gunzTarPerm extractEntry tools/README.md
356 silly gunzTarPerm modified mode [ 'tools/README.md', 436, 438 ]
357 silly gunzTarPerm extractEntry tools/1to2.js
358 silly gunzTarPerm modified mode [ 'tools/1to2.js', 509, 511 ]
359 verbose write writing to C:\Users\lukasz\NodeRESTwithMongoDB\node-js-getting-started\node_modules\bcrypt\node_modules\nan\package.json
360 info preinstall nan@2.3.5
361 verbose readDependencies loading dependencies from C:\Users\lukasz\NodeRESTwithMongoDB\node-js-getting-started\node_modules\bcrypt\node_modules\nan\package.json
362 verbose readDependencies loading dependencies from C:\Users\lukasz\NodeRESTwithMongoDB\node-js-getting-started\node_modules\bcrypt\node_modules\nan\package.json
363 silly install resolved []
364 verbose about to build C:\Users\lukasz\NodeRESTwithMongoDB\node-js-getting-started\node_modules\bcrypt\node_modules\nan
365 info build C:\Users\lukasz\NodeRESTwithMongoDB\node-js-getting-started\node_modules\bcrypt\node_modules\nan
366 info linkStuff nan@2.3.5
367 silly linkStuff nan@2.3.5 has C:\Users\lukasz\NodeRESTwithMongoDB\node-js-getting-started\node_modules\bcrypt\node_modules as its parent node_modules
368 verbose linkBins nan@2.3.5
369 verbose linkMans nan@2.3.5
370 verbose rebuildBundles nan@2.3.5
371 info install nan@2.3.5
372 info postinstall nan@2.3.5
373 verbose unlock done using C:\Users\lukasz\AppData\Roaming\npm-cache\_locks\nan-8356321cacfccd80.lock for C:\Users\lukasz\NodeRESTwithMongoDB\node-js-getting-started\node_modules\bcrypt\node_modules\nan
374 verbose about to build C:\Users\lukasz\NodeRESTwithMongoDB\node-js-getting-started\node_modules\bcrypt
375 info build C:\Users\lukasz\NodeRESTwithMongoDB\node-js-getting-started\node_modules\bcrypt
376 info linkStuff bcrypt@0.8.7
377 silly linkStuff bcrypt@0.8.7 has C:\Users\lukasz\NodeRESTwithMongoDB\node-js-getting-started\node_modules as its parent node_modules
378 verbose linkBins bcrypt@0.8.7
379 verbose linkMans bcrypt@0.8.7
380 verbose rebuildBundles bcrypt@0.8.7
381 verbose rebuildBundles [ 'bindings', 'nan' ]
382 info install bcrypt@0.8.7
383 verbose unsafe-perm in lifecycle true
384 info bcrypt@0.8.7 Failed to exec install script
385 verbose unlock done using C:\Users\lukasz\AppData\Roaming\npm-cache\_locks\bcrypt-66216a1188f16da3.lock for C:\Users\lukasz\NodeRESTwithMongoDB\node-js-getting-started\node_modules\bcrypt
386 verbose stack Error: bcrypt@0.8.7 install: `node-gyp rebuild`
386 verbose stack Exit status 1
386 verbose stack     at EventEmitter.<anonymous> (C:\Program Files (x86)\nodejs\node_modules\npm\lib\utils\lifecycle.js:214:16)
386 verbose stack     at emitTwo (events.js:87:13)
386 verbose stack     at EventEmitter.emit (events.js:172:7)
386 verbose stack     at ChildProcess.<anonymous> (C:\Program Files (x86)\nodejs\node_modules\npm\lib\utils\spawn.js:24:14)
386 verbose stack     at emitTwo (events.js:87:13)
386 verbose stack     at ChildProcess.emit (events.js:172:7)
386 verbose stack     at maybeClose (internal/child_process.js:821:16)
386 verbose stack     at Process.ChildProcess._handle.onexit (internal/child_process.js:211:5)
387 verbose pkgid bcrypt@0.8.7
388 verbose cwd C:\Users\lukasz\NodeRESTwithMongoDB\node-js-getting-started
389 error Windows_NT 6.1.7601
390 error argv "C:\\Program Files (x86)\\nodejs\\node.exe" "C:\\Program Files (x86)\\nodejs\\node_modules\\npm\\bin\\npm-cli.js" "install"
391 error node v4.3.1
392 error npm  v2.14.12
393 error code ELIFECYCLE
394 error bcrypt@0.8.7 install: `node-gyp rebuild`
394 error Exit status 1
395 error Failed at the bcrypt@0.8.7 install script 'node-gyp rebuild'.
395 error This is most likely a problem with the bcrypt package,
395 error not with npm itself.
395 error Tell the author that this fails on your system:
395 error     node-gyp rebuild
395 error You can get their info via:
395 error     npm owner ls bcrypt
395 error There is likely additional logging output above.
396 verbose exit [ 1, true ]
397 verbose unbuild node_modules\bcrypt
398 info preuninstall bcrypt@0.8.7
399 info uninstall bcrypt@0.8.7
400 verbose unbuild rmStuff bcrypt@0.8.7 from C:\Users\lukasz\NodeRESTwithMongoDB\node-js-getting-started\node_modules
401 info postuninstall bcrypt@0.8.7
402 silly gentlyRm C:\Users\lukasz\NodeRESTwithMongoDB\node-js-getting-started\node_modules\bcrypt is being purged from base C:\Users\lukasz\NodeRESTwithMongoDB\node-js-getting-started
403 verbose gentlyRm don't care about contents; nuking C:\Users\lukasz\NodeRESTwithMongoDB\node-js-getting-started\node_modules\bcrypt
404 silly vacuum-fs purging C:\Users\lukasz\NodeRESTwithMongoDB\node-js-getting-started\node_modules\bcrypt
405 silly vacuum-fs quitting because other entries in C:\Users\lukasz\NodeRESTwithMongoDB\node-js-getting-started\node_modules
